#
# There is insufficient memory for the Java Runtime Environment to continue.
# Native memory allocation (malloc) failed to allocate 104016 bytes for Chunk::new
# Possible reasons:
#   The system is out of physical RAM or swap space
#   The process is running with CompressedOops enabled, and the Java Heap may be blocking the growth of the native heap
# Possible solutions:
#   Reduce memory load on the system
#   Increase physical memory or swap space
#   Check if swap backing store is full
#   Decrease Java heap size (-Xmx/-Xms)
#   Decrease number of Java threads
#   Decrease Java thread stack sizes (-Xss)
#   Set larger code cache with -XX:ReservedCodeCacheSize=
#   JVM is running with Zero Based Compressed Oops mode in which the Java heap is
#     placed in the first 32GB address space. The Java Heap base address is the
#     maximum limit for the native heap growth. Please use -XX:HeapBaseMinAddress
#     to set the Java Heap base and to place the Java Heap above 32GB virtual address.
# This output file may be truncated or incomplete.
#
#  Out of Memory Error (./open/src/hotspot/share/memory/arena.cpp:195), pid=17868, tid=9948
#
# JRE version: Java(TM) SE Runtime Environment (15.0.1+9) (build 15.0.1+9-18)
# Java VM: Java HotSpot(TM) 64-Bit Server VM (15.0.1+9-18, mixed mode, sharing, tiered, compressed oops, g1 gc, windows-amd64)
# No core dump will be written. Minidumps are not enabled by default on client versions of Windows
#

---------------  S U M M A R Y ------------

Command Line: -javaagent:C:\Program Files\JetBrains\IntelliJ IDEA 2020.2.3\lib\idea_rt.jar=57334:C:\Program Files\JetBrains\IntelliJ IDEA 2020.2.3\bin -Dfile.encoding=UTF-8 veterinary.management.MainPage

Host: Intel(R) Core(TM) i5-9600K CPU @ 3.70GHz, 6 cores, 15G,  Windows 10 , 64 bit Build 19041 (10.0.19041.1023)
Time: Sun Jun 13 03:10:45 2021 Turkey Standard Time elapsed time: 314.230914 seconds (0d 0h 5m 14s)

---------------  T H R E A D  ---------------

Current thread (0x0000021935be7b10):  JavaThread "C2 CompilerThread0" daemon [_thread_in_native, id=9948, stack(0x0000008915f00000,0x0000008916000000)]


Current CompileTask:
C2: 314230 3155       4       sun.swing.SwingUtilities2::getFRCProperty (38 bytes)

Stack: [0x0000008915f00000,0x0000008916000000]
Native frames: (J=compiled Java code, j=interpreted, Vv=VM code, C=native code)
V  [jvm.dll+0x62ae9a]
V  [jvm.dll+0x781389]
V  [jvm.dll+0x782ae3]
V  [jvm.dll+0x783143]
V  [jvm.dll+0x216265]
V  [jvm.dll+0x97efa]
V  [jvm.dll+0x985dc]
V  [jvm.dll+0x27a1bf]
V  [jvm.dll+0x5408d4]
V  [jvm.dll+0x1f2c14]
V  [jvm.dll+0x1ebf33]
V  [jvm.dll+0x1e97a7]
V  [jvm.dll+0x1784c7]
V  [jvm.dll+0x1f9165]
V  [jvm.dll+0x1f720c]
V  [jvm.dll+0x74485d]
V  [jvm.dll+0x73d65a]
V  [jvm.dll+0x629c56]
C  [ucrtbase.dll+0x21bb2]
C  [KERNEL32.DLL+0x17034]
C  [ntdll.dll+0x52651]


---------------  P R O C E S S  ---------------

Threads class SMR info:
_java_thread_list=0x000002193b5c8e40, length=19, elements={
0x00000219352c71d0, 0x00000219352c78c0, 0x00000219352dc0c0, 0x00000219352de5a0,
0x0000021935be4090, 0x0000021935be7b10, 0x0000021935bf24f0, 0x0000021935bfba00,
0x0000021935cf1490, 0x0000021935db1370, 0x0000021935d87640, 0x0000021935f8e230,
0x0000021935f92a60, 0x0000021935f95a60, 0x0000021935fa4520, 0x0000021911fa05d0,
0x0000021935fc2530, 0x000002193b4cfd40, 0x000002193b4d0210
}

Java Threads: ( => current thread )
  0x00000219352c71d0 JavaThread "Reference Handler" daemon [_thread_blocked, id=2396, stack(0x0000008915a00000,0x0000008915b00000)]
  0x00000219352c78c0 JavaThread "Finalizer" daemon [_thread_blocked, id=7564, stack(0x0000008915b00000,0x0000008915c00000)]
  0x00000219352dc0c0 JavaThread "Signal Dispatcher" daemon [_thread_blocked, id=16128, stack(0x0000008915c00000,0x0000008915d00000)]
  0x00000219352de5a0 JavaThread "Attach Listener" daemon [_thread_blocked, id=14072, stack(0x0000008915d00000,0x0000008915e00000)]
  0x0000021935be4090 JavaThread "Service Thread" daemon [_thread_blocked, id=14804, stack(0x0000008915e00000,0x0000008915f00000)]
=>0x0000021935be7b10 JavaThread "C2 CompilerThread0" daemon [_thread_in_native, id=9948, stack(0x0000008915f00000,0x0000008916000000)]
  0x0000021935bf24f0 JavaThread "C1 CompilerThread0" daemon [_thread_blocked, id=17924, stack(0x0000008916000000,0x0000008916100000)]
  0x0000021935bfba00 JavaThread "Sweeper thread" daemon [_thread_blocked, id=10784, stack(0x0000008916100000,0x0000008916200000)]
  0x0000021935cf1490 JavaThread "Common-Cleaner" daemon [_thread_blocked, id=13240, stack(0x0000008916200000,0x0000008916300000)]
  0x0000021935db1370 JavaThread "Monitor Ctrl-Break" daemon [_thread_in_native, id=14152, stack(0x0000008916300000,0x0000008916400000)]
  0x0000021935d87640 JavaThread "Notification Thread" daemon [_thread_blocked, id=5516, stack(0x0000008916400000,0x0000008916500000)]
  0x0000021935f8e230 JavaThread "Java2D Disposer" daemon [_thread_blocked, id=7532, stack(0x0000008916600000,0x0000008916700000)]
  0x0000021935f92a60 JavaThread "AWT-Shutdown" [_thread_blocked, id=10472, stack(0x0000008916700000,0x0000008916800000)]
  0x0000021935f95a60 JavaThread "AWT-Windows" daemon [_thread_in_native, id=11800, stack(0x0000008916800000,0x0000008916900000)]
  0x0000021935fa4520 JavaThread "AWT-EventQueue-0" [_thread_blocked, id=400, stack(0x0000008916900000,0x0000008916a00000)]
  0x0000021911fa05d0 JavaThread "DestroyJavaVM" [_thread_blocked, id=4312, stack(0x0000008915300000,0x0000008915400000)]
  0x0000021935fc2530 JavaThread "mysql-cj-abandoned-connection-cleanup" daemon [_thread_blocked, id=1968, stack(0x0000008916a00000,0x0000008916b00000)]
  0x000002193b4cfd40 JavaThread "D3D Screen Updater" daemon [_thread_blocked, id=5712, stack(0x0000008916b00000,0x0000008916c00000)]
  0x000002193b4d0210 JavaThread "TimerQueue" daemon [_thread_blocked, id=18812, stack(0x0000008917190000,0x0000008917290000)]

Other Threads:
  0x00000219352c5a40 VMThread "VM Thread" [stack: 0x0000008915900000,0x0000008915a00000] [id=6164]
  0x0000021935db1840 WatcherThread [stack: 0x0000008916500000,0x0000008916600000] [id=9248]
  0x0000021911fefa70 GCTaskThread "GC Thread#0" [stack: 0x0000008915400000,0x0000008915500000] [id=5276]
  0x0000021935f75d10 GCTaskThread "GC Thread#1" [stack: 0x0000008917290000,0x0000008917390000] [id=13136]
  0x0000021935f74060 GCTaskThread "GC Thread#2" [stack: 0x0000008917390000,0x0000008917490000] [id=19288]
  0x0000021935f75380 GCTaskThread "GC Thread#3" [stack: 0x0000008917490000,0x0000008917590000] [id=12112]
  0x0000021935f76040 GCTaskThread "GC Thread#4" [stack: 0x0000008917590000,0x0000008917690000] [id=16172]
  0x0000021935f746c0 GCTaskThread "GC Thread#5" [stack: 0x0000008917690000,0x0000008917790000] [id=12504]
  0x0000021912001b60 ConcurrentGCThread "G1 Main Marker" [stack: 0x0000008915500000,0x0000008915600000] [id=8856]
  0x0000021912003e10 ConcurrentGCThread "G1 Conc#0" [stack: 0x0000008915600000,0x0000008915700000] [id=14012]
  0x00000219351420c0 ConcurrentGCThread "G1 Refine#0" [stack: 0x0000008915700000,0x0000008915800000] [id=11864]
  0x000002193b8f1170 ConcurrentGCThread "G1 Refine#1" [stack: 0x0000008917790000,0x0000008917890000] [id=13960]
  0x00000219351427e0 ConcurrentGCThread "G1 Young RemSet Sampling" [stack: 0x0000008915800000,0x0000008915900000] [id=16596]

Threads with active compile tasks:
C2 CompilerThread0   314242 3155       4       sun.swing.SwingUtilities2::getFRCProperty (38 bytes)

VM state: not at safepoint (normal execution)

VM Mutex/Monitor currently owned by a thread: None

Heap address: 0x0000000701000000, size: 4080 MB, Compressed Oops mode: Zero based, Oop shift amount: 3
CDS archive(s) mapped at: [0x0000000800000000-0x0000000800b50000-0x0000000800b50000), size 11862016, SharedBaseAddress: 0x0000000800000000, ArchiveRelocationMode: 0.
Compressed class space mapped at: 0x0000000800b50000-0x0000000840b50000, size: 1073741824
Narrow klass base: 0x0000000800000000, Narrow klass shift: 3, Narrow klass range: 0x100000000

GC Precious Log:
 CPUs: 6 total, 6 available
 Memory: 16319M
 Large Page Support: Disabled
 NUMA Support: Disabled
 Compressed Oops: Enabled (Zero based)
 Heap Region Size: 2M
 Heap Min Capacity: 8M
 Heap Initial Capacity: 256M
 Heap Max Capacity: 4080M
 Pre-touch: Disabled
 Parallel Workers: 6
 Concurrent Workers: 2
 Concurrent Refinement Workers: 6
 Periodic GC: Disabled

Heap:
 garbage-first heap   total 262144K, used 37217K [0x0000000701000000, 0x0000000800000000)
  region size 2048K, 17 young (34816K), 1 survivors (2048K)
 Metaspace       used 17093K, capacity 17323K, committed 17664K, reserved 1064960K
  class space    used 1833K, capacity 1921K, committed 2048K, reserved 1048576K

Heap Regions: E=young(eden), S=young(survivor), O=old, HS=humongous(starts), HC=humongous(continues), CS=collection set, F=free, OA=open archive, CA=closed archive, TAMS=top-at-mark-start (previous, next)
|   0|0x0000000701000000, 0x0000000701200000, 0x0000000701200000|100%| O|  |TAMS 0x0000000701000000, 0x0000000701000000| Untracked 
|   1|0x0000000701200000, 0x0000000701400000, 0x0000000701400000|100%| O|  |TAMS 0x0000000701200000, 0x0000000701200000| Untracked 
|   2|0x0000000701400000, 0x0000000701521a00, 0x0000000701600000| 56%| O|  |TAMS 0x0000000701400000, 0x0000000701400000| Untracked 
|   3|0x0000000701600000, 0x0000000701600000, 0x0000000701800000|  0%| F|  |TAMS 0x0000000701600000, 0x0000000701600000| Untracked 
|   4|0x0000000701800000, 0x0000000701800000, 0x0000000701a00000|  0%| F|  |TAMS 0x0000000701800000, 0x0000000701800000| Untracked 
|   5|0x0000000701a00000, 0x0000000701a00000, 0x0000000701c00000|  0%| F|  |TAMS 0x0000000701a00000, 0x0000000701a00000| Untracked 
|   6|0x0000000701c00000, 0x0000000701c00000, 0x0000000701e00000|  0%| F|  |TAMS 0x0000000701c00000, 0x0000000701c00000| Untracked 
|   7|0x0000000701e00000, 0x0000000701e00000, 0x0000000702000000|  0%| F|  |TAMS 0x0000000701e00000, 0x0000000701e00000| Untracked 
|   8|0x0000000702000000, 0x0000000702000000, 0x0000000702200000|  0%| F|  |TAMS 0x0000000702000000, 0x0000000702000000| Untracked 
|   9|0x0000000702200000, 0x0000000702200000, 0x0000000702400000|  0%| F|  |TAMS 0x0000000702200000, 0x0000000702200000| Untracked 
|  10|0x0000000702400000, 0x0000000702400000, 0x0000000702600000|  0%| F|  |TAMS 0x0000000702400000, 0x0000000702400000| Untracked 
|  11|0x0000000702600000, 0x0000000702600000, 0x0000000702800000|  0%| F|  |TAMS 0x0000000702600000, 0x0000000702600000| Untracked 
|  12|0x0000000702800000, 0x0000000702800000, 0x0000000702a00000|  0%| F|  |TAMS 0x0000000702800000, 0x0000000702800000| Untracked 
|  13|0x0000000702a00000, 0x0000000702a00000, 0x0000000702c00000|  0%| F|  |TAMS 0x0000000702a00000, 0x0000000702a00000| Untracked 
|  14|0x0000000702c00000, 0x0000000702c00000, 0x0000000702e00000|  0%| F|  |TAMS 0x0000000702c00000, 0x0000000702c00000| Untracked 
|  15|0x0000000702e00000, 0x0000000702e00000, 0x0000000703000000|  0%| F|  |TAMS 0x0000000702e00000, 0x0000000702e00000| Untracked 
|  16|0x0000000703000000, 0x0000000703000000, 0x0000000703200000|  0%| F|  |TAMS 0x0000000703000000, 0x0000000703000000| Untracked 
|  17|0x0000000703200000, 0x0000000703200000, 0x0000000703400000|  0%| F|  |TAMS 0x0000000703200000, 0x0000000703200000| Untracked 
|  18|0x0000000703400000, 0x0000000703400000, 0x0000000703600000|  0%| F|  |TAMS 0x0000000703400000, 0x0000000703400000| Untracked 
|  19|0x0000000703600000, 0x0000000703600000, 0x0000000703800000|  0%| F|  |TAMS 0x0000000703600000, 0x0000000703600000| Untracked 
|  20|0x0000000703800000, 0x0000000703800000, 0x0000000703a00000|  0%| F|  |TAMS 0x0000000703800000, 0x0000000703800000| Untracked 
|  21|0x0000000703a00000, 0x0000000703a00000, 0x0000000703c00000|  0%| F|  |TAMS 0x0000000703a00000, 0x0000000703a00000| Untracked 
|  22|0x0000000703c00000, 0x0000000703c00000, 0x0000000703e00000|  0%| F|  |TAMS 0x0000000703c00000, 0x0000000703c00000| Untracked 
|  23|0x0000000703e00000, 0x0000000703e00000, 0x0000000704000000|  0%| F|  |TAMS 0x0000000703e00000, 0x0000000703e00000| Untracked 
|  24|0x0000000704000000, 0x0000000704000000, 0x0000000704200000|  0%| F|  |TAMS 0x0000000704000000, 0x0000000704000000| Untracked 
|  25|0x0000000704200000, 0x0000000704200000, 0x0000000704400000|  0%| F|  |TAMS 0x0000000704200000, 0x0000000704200000| Untracked 
|  26|0x0000000704400000, 0x0000000704400000, 0x0000000704600000|  0%| F|  |TAMS 0x0000000704400000, 0x0000000704400000| Untracked 
|  27|0x0000000704600000, 0x0000000704600000, 0x0000000704800000|  0%| F|  |TAMS 0x0000000704600000, 0x0000000704600000| Untracked 
|  28|0x0000000704800000, 0x0000000704800000, 0x0000000704a00000|  0%| F|  |TAMS 0x0000000704800000, 0x0000000704800000| Untracked 
|  29|0x0000000704a00000, 0x0000000704a00000, 0x0000000704c00000|  0%| F|  |TAMS 0x0000000704a00000, 0x0000000704a00000| Untracked 
|  30|0x0000000704c00000, 0x0000000704c00000, 0x0000000704e00000|  0%| F|  |TAMS 0x0000000704c00000, 0x0000000704c00000| Untracked 
|  31|0x0000000704e00000, 0x0000000704e00000, 0x0000000705000000|  0%| F|  |TAMS 0x0000000704e00000, 0x0000000704e00000| Untracked 
|  32|0x0000000705000000, 0x0000000705000000, 0x0000000705200000|  0%| F|  |TAMS 0x0000000705000000, 0x0000000705000000| Untracked 
|  33|0x0000000705200000, 0x0000000705200000, 0x0000000705400000|  0%| F|  |TAMS 0x0000000705200000, 0x0000000705200000| Untracked 
|  34|0x0000000705400000, 0x0000000705400000, 0x0000000705600000|  0%| F|  |TAMS 0x0000000705400000, 0x0000000705400000| Untracked 
|  35|0x0000000705600000, 0x0000000705600000, 0x0000000705800000|  0%| F|  |TAMS 0x0000000705600000, 0x0000000705600000| Untracked 
|  36|0x0000000705800000, 0x0000000705800000, 0x0000000705a00000|  0%| F|  |TAMS 0x0000000705800000, 0x0000000705800000| Untracked 
|  37|0x0000000705a00000, 0x0000000705a00000, 0x0000000705c00000|  0%| F|  |TAMS 0x0000000705a00000, 0x0000000705a00000| Untracked 
|  38|0x0000000705c00000, 0x0000000705c00000, 0x0000000705e00000|  0%| F|  |TAMS 0x0000000705c00000, 0x0000000705c00000| Untracked 
|  39|0x0000000705e00000, 0x0000000705e00000, 0x0000000706000000|  0%| F|  |TAMS 0x0000000705e00000, 0x0000000705e00000| Untracked 
|  40|0x0000000706000000, 0x0000000706000000, 0x0000000706200000|  0%| F|  |TAMS 0x0000000706000000, 0x0000000706000000| Untracked 
|  41|0x0000000706200000, 0x0000000706200000, 0x0000000706400000|  0%| F|  |TAMS 0x0000000706200000, 0x0000000706200000| Untracked 
|  42|0x0000000706400000, 0x0000000706400000, 0x0000000706600000|  0%| F|  |TAMS 0x0000000706400000, 0x0000000706400000| Untracked 
|  43|0x0000000706600000, 0x0000000706600000, 0x0000000706800000|  0%| F|  |TAMS 0x0000000706600000, 0x0000000706600000| Untracked 
|  44|0x0000000706800000, 0x0000000706800000, 0x0000000706a00000|  0%| F|  |TAMS 0x0000000706800000, 0x0000000706800000| Untracked 
|  45|0x0000000706a00000, 0x0000000706a00000, 0x0000000706c00000|  0%| F|  |TAMS 0x0000000706a00000, 0x0000000706a00000| Untracked 
|  46|0x0000000706c00000, 0x0000000706c00000, 0x0000000706e00000|  0%| F|  |TAMS 0x0000000706c00000, 0x0000000706c00000| Untracked 
|  47|0x0000000706e00000, 0x0000000706e00000, 0x0000000707000000|  0%| F|  |TAMS 0x0000000706e00000, 0x0000000706e00000| Untracked 
|  48|0x0000000707000000, 0x0000000707000000, 0x0000000707200000|  0%| F|  |TAMS 0x0000000707000000, 0x0000000707000000| Untracked 
|  49|0x0000000707200000, 0x0000000707200000, 0x0000000707400000|  0%| F|  |TAMS 0x0000000707200000, 0x0000000707200000| Untracked 
|  50|0x0000000707400000, 0x0000000707400000, 0x0000000707600000|  0%| F|  |TAMS 0x0000000707400000, 0x0000000707400000| Untracked 
|  51|0x0000000707600000, 0x0000000707600000, 0x0000000707800000|  0%| F|  |TAMS 0x0000000707600000, 0x0000000707600000| Untracked 
|  52|0x0000000707800000, 0x0000000707800000, 0x0000000707a00000|  0%| F|  |TAMS 0x0000000707800000, 0x0000000707800000| Untracked 
|  53|0x0000000707a00000, 0x0000000707a00000, 0x0000000707c00000|  0%| F|  |TAMS 0x0000000707a00000, 0x0000000707a00000| Untracked 
|  54|0x0000000707c00000, 0x0000000707c00000, 0x0000000707e00000|  0%| F|  |TAMS 0x0000000707c00000, 0x0000000707c00000| Untracked 
|  55|0x0000000707e00000, 0x0000000707e00000, 0x0000000708000000|  0%| F|  |TAMS 0x0000000707e00000, 0x0000000707e00000| Untracked 
|  56|0x0000000708000000, 0x0000000708000000, 0x0000000708200000|  0%| F|  |TAMS 0x0000000708000000, 0x0000000708000000| Untracked 
|  57|0x0000000708200000, 0x0000000708200000, 0x0000000708400000|  0%| F|  |TAMS 0x0000000708200000, 0x0000000708200000| Untracked 
|  58|0x0000000708400000, 0x0000000708400000, 0x0000000708600000|  0%| F|  |TAMS 0x0000000708400000, 0x0000000708400000| Untracked 
|  59|0x0000000708600000, 0x0000000708600000, 0x0000000708800000|  0%| F|  |TAMS 0x0000000708600000, 0x0000000708600000| Untracked 
|  60|0x0000000708800000, 0x0000000708800000, 0x0000000708a00000|  0%| F|  |TAMS 0x0000000708800000, 0x0000000708800000| Untracked 
|  61|0x0000000708a00000, 0x0000000708a00000, 0x0000000708c00000|  0%| F|  |TAMS 0x0000000708a00000, 0x0000000708a00000| Untracked 
|  62|0x0000000708c00000, 0x0000000708c00000, 0x0000000708e00000|  0%| F|  |TAMS 0x0000000708c00000, 0x0000000708c00000| Untracked 
|  63|0x0000000708e00000, 0x0000000708e00000, 0x0000000709000000|  0%| F|  |TAMS 0x0000000708e00000, 0x0000000708e00000| Untracked 
|  64|0x0000000709000000, 0x0000000709000000, 0x0000000709200000|  0%| F|  |TAMS 0x0000000709000000, 0x0000000709000000| Untracked 
|  65|0x0000000709200000, 0x0000000709200000, 0x0000000709400000|  0%| F|  |TAMS 0x0000000709200000, 0x0000000709200000| Untracked 
|  66|0x0000000709400000, 0x0000000709400000, 0x0000000709600000|  0%| F|  |TAMS 0x0000000709400000, 0x0000000709400000| Untracked 
|  67|0x0000000709600000, 0x0000000709600000, 0x0000000709800000|  0%| F|  |TAMS 0x0000000709600000, 0x0000000709600000| Untracked 
|  68|0x0000000709800000, 0x0000000709800000, 0x0000000709a00000|  0%| F|  |TAMS 0x0000000709800000, 0x0000000709800000| Untracked 
|  69|0x0000000709a00000, 0x0000000709a00000, 0x0000000709c00000|  0%| F|  |TAMS 0x0000000709a00000, 0x0000000709a00000| Untracked 
|  70|0x0000000709c00000, 0x0000000709c00000, 0x0000000709e00000|  0%| F|  |TAMS 0x0000000709c00000, 0x0000000709c00000| Untracked 
|  71|0x0000000709e00000, 0x0000000709e00000, 0x000000070a000000|  0%| F|  |TAMS 0x0000000709e00000, 0x0000000709e00000| Untracked 
|  72|0x000000070a000000, 0x000000070a000000, 0x000000070a200000|  0%| F|  |TAMS 0x000000070a000000, 0x000000070a000000| Untracked 
|  73|0x000000070a200000, 0x000000070a200000, 0x000000070a400000|  0%| F|  |TAMS 0x000000070a200000, 0x000000070a200000| Untracked 
|  74|0x000000070a400000, 0x000000070a400000, 0x000000070a600000|  0%| F|  |TAMS 0x000000070a400000, 0x000000070a400000| Untracked 
|  75|0x000000070a600000, 0x000000070a600000, 0x000000070a800000|  0%| F|  |TAMS 0x000000070a600000, 0x000000070a600000| Untracked 
|  76|0x000000070a800000, 0x000000070a800000, 0x000000070aa00000|  0%| F|  |TAMS 0x000000070a800000, 0x000000070a800000| Untracked 
|  77|0x000000070aa00000, 0x000000070aa00000, 0x000000070ac00000|  0%| F|  |TAMS 0x000000070aa00000, 0x000000070aa00000| Untracked 
|  78|0x000000070ac00000, 0x000000070ac00000, 0x000000070ae00000|  0%| F|  |TAMS 0x000000070ac00000, 0x000000070ac00000| Untracked 
|  79|0x000000070ae00000, 0x000000070ae00000, 0x000000070b000000|  0%| F|  |TAMS 0x000000070ae00000, 0x000000070ae00000| Untracked 
|  80|0x000000070b000000, 0x000000070b000000, 0x000000070b200000|  0%| F|  |TAMS 0x000000070b000000, 0x000000070b000000| Untracked 
|  81|0x000000070b200000, 0x000000070b200000, 0x000000070b400000|  0%| F|  |TAMS 0x000000070b200000, 0x000000070b200000| Untracked 
|  82|0x000000070b400000, 0x000000070b400000, 0x000000070b600000|  0%| F|  |TAMS 0x000000070b400000, 0x000000070b400000| Untracked 
|  83|0x000000070b600000, 0x000000070b600000, 0x000000070b800000|  0%| F|  |TAMS 0x000000070b600000, 0x000000070b600000| Untracked 
|  84|0x000000070b800000, 0x000000070b800000, 0x000000070ba00000|  0%| F|  |TAMS 0x000000070b800000, 0x000000070b800000| Untracked 
|  85|0x000000070ba00000, 0x000000070ba00000, 0x000000070bc00000|  0%| F|  |TAMS 0x000000070ba00000, 0x000000070ba00000| Untracked 
|  86|0x000000070bc00000, 0x000000070bc00000, 0x000000070be00000|  0%| F|  |TAMS 0x000000070bc00000, 0x000000070bc00000| Untracked 
|  87|0x000000070be00000, 0x000000070be00000, 0x000000070c000000|  0%| F|  |TAMS 0x000000070be00000, 0x000000070be00000| Untracked 
|  88|0x000000070c000000, 0x000000070c000000, 0x000000070c200000|  0%| F|  |TAMS 0x000000070c000000, 0x000000070c000000| Untracked 
|  89|0x000000070c200000, 0x000000070c200000, 0x000000070c400000|  0%| F|  |TAMS 0x000000070c200000, 0x000000070c200000| Untracked 
|  90|0x000000070c400000, 0x000000070c400000, 0x000000070c600000|  0%| F|  |TAMS 0x000000070c400000, 0x000000070c400000| Untracked 
|  91|0x000000070c600000, 0x000000070c600000, 0x000000070c800000|  0%| F|  |TAMS 0x000000070c600000, 0x000000070c600000| Untracked 
|  92|0x000000070c800000, 0x000000070c800000, 0x000000070ca00000|  0%| F|  |TAMS 0x000000070c800000, 0x000000070c800000| Untracked 
|  93|0x000000070ca00000, 0x000000070ca00000, 0x000000070cc00000|  0%| F|  |TAMS 0x000000070ca00000, 0x000000070ca00000| Untracked 
|  94|0x000000070cc00000, 0x000000070cc00000, 0x000000070ce00000|  0%| F|  |TAMS 0x000000070cc00000, 0x000000070cc00000| Untracked 
|  95|0x000000070ce00000, 0x000000070ce00000, 0x000000070d000000|  0%| F|  |TAMS 0x000000070ce00000, 0x000000070ce00000| Untracked 
|  96|0x000000070d000000, 0x000000070d000000, 0x000000070d200000|  0%| F|  |TAMS 0x000000070d000000, 0x000000070d000000| Untracked 
|  97|0x000000070d200000, 0x000000070d200000, 0x000000070d400000|  0%| F|  |TAMS 0x000000070d200000, 0x000000070d200000| Untracked 
|  98|0x000000070d400000, 0x000000070d400000, 0x000000070d600000|  0%| F|  |TAMS 0x000000070d400000, 0x000000070d400000| Untracked 
|  99|0x000000070d600000, 0x000000070d600000, 0x000000070d800000|  0%| F|  |TAMS 0x000000070d600000, 0x000000070d600000| Untracked 
| 100|0x000000070d800000, 0x000000070d800000, 0x000000070da00000|  0%| F|  |TAMS 0x000000070d800000, 0x000000070d800000| Untracked 
| 101|0x000000070da00000, 0x000000070da00000, 0x000000070dc00000|  0%| F|  |TAMS 0x000000070da00000, 0x000000070da00000| Untracked 
| 102|0x000000070dc00000, 0x000000070dc00000, 0x000000070de00000|  0%| F|  |TAMS 0x000000070dc00000, 0x000000070dc00000| Untracked 
| 103|0x000000070de00000, 0x000000070de00000, 0x000000070e000000|  0%| F|  |TAMS 0x000000070de00000, 0x000000070de00000| Untracked 
| 104|0x000000070e000000, 0x000000070e000000, 0x000000070e200000|  0%| F|  |TAMS 0x000000070e000000, 0x000000070e000000| Untracked 
| 105|0x000000070e200000, 0x000000070e200000, 0x000000070e400000|  0%| F|  |TAMS 0x000000070e200000, 0x000000070e200000| Untracked 
| 106|0x000000070e400000, 0x000000070e400000, 0x000000070e600000|  0%| F|  |TAMS 0x000000070e400000, 0x000000070e400000| Untracked 
| 107|0x000000070e600000, 0x000000070e600000, 0x000000070e800000|  0%| F|  |TAMS 0x000000070e600000, 0x000000070e600000| Untracked 
| 108|0x000000070e800000, 0x000000070e800000, 0x000000070ea00000|  0%| F|  |TAMS 0x000000070e800000, 0x000000070e800000| Untracked 
| 109|0x000000070ea00000, 0x000000070ea00000, 0x000000070ec00000|  0%| F|  |TAMS 0x000000070ea00000, 0x000000070ea00000| Untracked 
| 110|0x000000070ec00000, 0x000000070ec00000, 0x000000070ee00000|  0%| F|  |TAMS 0x000000070ec00000, 0x000000070ec00000| Untracked 
| 111|0x000000070ee00000, 0x000000070eebc978, 0x000000070f000000| 36%| E|  |TAMS 0x000000070ee00000, 0x000000070ee00000| Complete 
| 112|0x000000070f000000, 0x000000070f200000, 0x000000070f200000|100%| E|CS|TAMS 0x000000070f000000, 0x000000070f000000| Complete 
| 113|0x000000070f200000, 0x000000070f400000, 0x000000070f400000|100%| E|CS|TAMS 0x000000070f200000, 0x000000070f200000| Complete 
| 114|0x000000070f400000, 0x000000070f600000, 0x000000070f600000|100%| E|CS|TAMS 0x000000070f400000, 0x000000070f400000| Complete 
| 115|0x000000070f600000, 0x000000070f800000, 0x000000070f800000|100%| E|CS|TAMS 0x000000070f600000, 0x000000070f600000| Complete 
| 116|0x000000070f800000, 0x000000070fa00000, 0x000000070fa00000|100%| E|CS|TAMS 0x000000070f800000, 0x000000070f800000| Complete 
| 117|0x000000070fa00000, 0x000000070fc00000, 0x000000070fc00000|100%| E|CS|TAMS 0x000000070fa00000, 0x000000070fa00000| Complete 
| 118|0x000000070fc00000, 0x000000070fd36cb0, 0x000000070fe00000| 60%| S|CS|TAMS 0x000000070fc00000, 0x000000070fc00000| Complete 
| 119|0x000000070fe00000, 0x0000000710000000, 0x0000000710000000|100%| E|CS|TAMS 0x000000070fe00000, 0x000000070fe00000| Complete 
| 120|0x0000000710000000, 0x0000000710200000, 0x0000000710200000|100%| E|CS|TAMS 0x0000000710000000, 0x0000000710000000| Complete 
| 121|0x0000000710200000, 0x0000000710400000, 0x0000000710400000|100%| E|CS|TAMS 0x0000000710200000, 0x0000000710200000| Complete 
| 122|0x0000000710400000, 0x0000000710600000, 0x0000000710600000|100%| E|CS|TAMS 0x0000000710400000, 0x0000000710400000| Complete 
| 123|0x0000000710600000, 0x0000000710800000, 0x0000000710800000|100%| E|CS|TAMS 0x0000000710600000, 0x0000000710600000| Complete 
| 124|0x0000000710800000, 0x0000000710a00000, 0x0000000710a00000|100%| E|CS|TAMS 0x0000000710800000, 0x0000000710800000| Complete 
| 125|0x0000000710a00000, 0x0000000710c00000, 0x0000000710c00000|100%| E|CS|TAMS 0x0000000710a00000, 0x0000000710a00000| Complete 
| 126|0x0000000710c00000, 0x0000000710e00000, 0x0000000710e00000|100%| E|CS|TAMS 0x0000000710c00000, 0x0000000710c00000| Complete 
| 127|0x0000000710e00000, 0x0000000711000000, 0x0000000711000000|100%| E|CS|TAMS 0x0000000710e00000, 0x0000000710e00000| Complete 

Card table byte_map: [0x0000021929b00000,0x000002192a300000] _byte_map_base: 0x00000219262f8000

Marking Bits (Prev, Next): (CMBitMap*) 0x0000021911ff1200, (CMBitMap*) 0x0000021911ff1240
 Prev Bits: [0x000002192ab00000, 0x000002192eac0000)
 Next Bits: [0x000002192eac0000, 0x0000021932a80000)

Polling page: 0x000002190fe70000

Metaspace:

Usage:
  Non-class:     15.04 MB capacity,    14.90 MB (>99%) used,   119.56 KB ( <1%) free+waste,    22.69 KB ( <1%) overhead. 
      Class:      1.88 MB capacity,     1.79 MB ( 95%) used,    78.70 KB (  4%) free+waste,     8.38 KB ( <1%) overhead. 
       Both:     16.92 MB capacity,    16.69 MB ( 99%) used,   198.26 KB (  1%) free+waste,    31.06 KB ( <1%) overhead. 

Virtual space:
  Non-class space:       16.00 MB reserved,      15.25 MB ( 95%) committed 
      Class space:        1.00 GB reserved,       2.00 MB ( <1%) committed 
             Both:        1.02 GB reserved,      17.25 MB (  2%) committed 

Chunk freelists:
   Non-Class:  22.00 KB
       Class:  0 bytes
        Both:  22.00 KB

MaxMetaspaceSize: 17179869184.00 GB
CompressedClassSpaceSize: 1.00 GB

CodeHeap 'non-profiled nmethods': size=120000Kb used=1533Kb max_used=1533Kb free=118466Kb
 bounds [0x0000021921cb0000, 0x0000021921f20000, 0x00000219291e0000]
CodeHeap 'profiled nmethods': size=120000Kb used=6347Kb max_used=6347Kb free=113652Kb
 bounds [0x000002191a780000, 0x000002191adc0000, 0x0000021921cb0000]
CodeHeap 'non-nmethods': size=5760Kb used=1357Kb max_used=1422Kb free=4402Kb
 bounds [0x000002191a1e0000, 0x000002191a450000, 0x000002191a780000]
 total_blobs=3816 nmethods=3154 adapters=572
 compilation: enabled
              stopped_count=0, restarted_count=0
 full_count=0

Compilation events (20 events):
Event: 310.493 Thread 0x0000021935bf24f0 nmethod 3145 0x000002191adabc90 code [0x000002191adabe60, 0x000002191adac4c8]
Event: 310.493 Thread 0x0000021935bf24f0 3146       3       sun.swing.SwingUtilities2::isFloatingPointScale (58 bytes)
Event: 310.493 Thread 0x0000021935bf24f0 nmethod 3146 0x000002191adac610 code [0x000002191adac7e0, 0x000002191adacbc8]
Event: 310.499 Thread 0x0000021935bf24f0 3147   !   3       sun.java2d.pipe.DrawImage::renderImageCopy (147 bytes)
Event: 310.500 Thread 0x0000021935bf24f0 nmethod 3147 0x000002191adacd10 code [0x000002191adacf60, 0x000002191adadb98]
Event: 310.500 Thread 0x0000021935bf24f0 3148       3       sun.java2d.pipe.DrawImage::blitSurfaceData (177 bytes)
Event: 310.501 Thread 0x0000021935bf24f0 nmethod 3148 0x000002191adae090 code [0x000002191adae340, 0x000002191adaf898]
Event: 310.501 Thread 0x0000021935bf24f0 3149       3       sun.java2d.loops.Blit::getFromCache (93 bytes)
Event: 310.501 Thread 0x0000021935bf24f0 nmethod 3149 0x000002191adafe90 code [0x000002191adb0100, 0x000002191adb08b8]
Event: 310.501 Thread 0x0000021935bf24f0 3150       3       sun.java2d.d3d.D3DRTTSurfaceToSurfaceBlit::Blit (46 bytes)
Event: 310.501 Thread 0x0000021935bf24f0 nmethod 3150 0x000002191adb0c10 code [0x000002191adb0dc0, 0x000002191adb0f88]
Event: 311.969 Thread 0x0000021935bf24f0 3151       3       java.awt.Container::checkAddToSelf (37 bytes)
Event: 311.970 Thread 0x0000021935bf24f0 nmethod 3151 0x000002191adb1090 code [0x000002191adb1260, 0x000002191adb1668]
Event: 311.970 Thread 0x0000021935bf24f0 3152       3       java.awt.Container::checkGD (42 bytes)
Event: 311.970 Thread 0x0000021935bf24f0 nmethod 3152 0x000002191adb1790 code [0x000002191adb1980, 0x000002191adb1f98]
Event: 311.970 Thread 0x0000021935bf24f0 3153       3       sun.awt.ComponentFactory::createComponent (4 bytes)
Event: 311.970 Thread 0x0000021935bf24f0 nmethod 3153 0x000002191adb2110 code [0x000002191adb22a0, 0x000002191adb23b8]
Event: 312.403 Thread 0x0000021935bf24f0 3154       3       java.awt.EventDispatchThread::pumpEventsForFilter (47 bytes)
Event: 312.403 Thread 0x0000021935bf24f0 nmethod 3154 0x000002191adb2490 code [0x000002191adb2680, 0x000002191adb2ac8]
Event: 314.228 Thread 0x0000021935be7b10 3155       4       sun.swing.SwingUtilities2::getFRCProperty (38 bytes)

GC Heap History (4 events):
Event: 4.525 GC heap before
{Heap before GC invocations=0 (full 0):
 garbage-first heap   total 262144K, used 20480K [0x0000000701000000, 0x0000000800000000)
  region size 2048K, 10 young (20480K), 0 survivors (0K)
 Metaspace       used 13832K, capacity 14131K, committed 14208K, reserved 1062912K
  class space    used 1523K, capacity 1629K, committed 1664K, reserved 1048576K
}
Event: 4.528 GC heap after
{Heap after GC invocations=1 (full 0):
 garbage-first heap   total 262144K, used 5255K [0x0000000701000000, 0x0000000800000000)
  region size 2048K, 2 young (4096K), 2 survivors (4096K)
 Metaspace       used 13832K, capacity 14131K, committed 14208K, reserved 1062912K
  class space    used 1523K, capacity 1629K, committed 1664K, reserved 1048576K
}
Event: 99.705 GC heap before
{Heap before GC invocations=1 (full 0):
 garbage-first heap   total 262144K, used 23687K [0x0000000701000000, 0x0000000800000000)
  region size 2048K, 11 young (22528K), 2 survivors (4096K)
 Metaspace       used 16165K, capacity 16478K, committed 16768K, reserved 1064960K
  class space    used 1768K, capacity 1855K, committed 1920K, reserved 1048576K
}
Event: 99.708 GC heap after
{Heap after GC invocations=2 (full 0):
 garbage-first heap   total 262144K, used 6497K [0x0000000701000000, 0x0000000800000000)
  region size 2048K, 1 young (2048K), 1 survivors (2048K)
 Metaspace       used 16165K, capacity 16478K, committed 16768K, reserved 1064960K
  class space    used 1768K, capacity 1855K, committed 1920K, reserved 1048576K
}

Deoptimization events (20 events):
Event: 278.944 Thread 0x000002193b4cfd40 Uncommon trap: trap_request=0xffffffcc fr.pc=0x0000021921e14584 relative=0x00000000000002e4
Event: 278.944 Thread 0x000002193b4cfd40 Uncommon trap: reason=intrinsic_or_type_checked_inlining action=make_not_entrant pc=0x0000021921e14584 method=java.util.Arrays.copyOf([Ljava/lang/Object;ILjava/lang/Class;)[Ljava/lang/Object; @ 35 c2
Event: 278.944 Thread 0x000002193b4cfd40 DEOPT PACKING pc=0x0000021921e14584 sp=0x0000008916bfef10
Event: 278.944 Thread 0x000002193b4cfd40 DEOPT UNPACKING pc=0x000002191a22e42f sp=0x0000008916bfeea0 mode 2
Event: 281.411 Thread 0x0000021935fa4520 Uncommon trap: trap_request=0xffffff45 fr.pc=0x0000021921d63e88 relative=0x0000000000000068
Event: 281.411 Thread 0x0000021935fa4520 Uncommon trap: reason=unstable_if action=reinterpret pc=0x0000021921d63e88 method=java.awt.Component.getInputContext()Ljava/awt/im/InputContext; @ 6 c2
Event: 281.411 Thread 0x0000021935fa4520 DEOPT PACKING pc=0x0000021921d63e88 sp=0x00000089169fed60
Event: 281.411 Thread 0x0000021935fa4520 DEOPT UNPACKING pc=0x000002191a22e42f sp=0x00000089169fecf0 mode 2
Event: 281.411 Thread 0x0000021935fa4520 Uncommon trap: trap_request=0xfffffff4 fr.pc=0x0000021921dbda08 relative=0x00000000000008c8
Event: 281.411 Thread 0x0000021935fa4520 Uncommon trap: reason=null_check action=make_not_entrant pc=0x0000021921dbda08 method=sun.awt.im.InputContext.dispatchEvent(Ljava/awt/AWTEvent;)V @ 31 c2
Event: 281.411 Thread 0x0000021935fa4520 DEOPT PACKING pc=0x0000021921dbda08 sp=0x00000089169fed10
Event: 281.411 Thread 0x0000021935fa4520 DEOPT UNPACKING pc=0x000002191a22e42f sp=0x00000089169fec68 mode 2
Event: 296.277 Thread 0x0000021935fa4520 DEOPT PACKING pc=0x000002191ab4242e sp=0x00000089169ff220
Event: 296.277 Thread 0x0000021935fa4520 DEOPT UNPACKING pc=0x000002191a22e23f sp=0x00000089169fe6b0 mode 0
Event: 296.397 Thread 0x0000021935fa4520 Uncommon trap: trap_request=0xffffffde fr.pc=0x0000021921e094f8 relative=0x0000000000005078
Event: 296.397 Thread 0x0000021935fa4520 Uncommon trap: reason=class_check action=maybe_recompile pc=0x0000021921e094f8 method=java.awt.DefaultKeyboardFocusManager.dispatchEvent(Ljava/awt/AWTEvent;)Z @ 491 c2
Event: 296.397 Thread 0x0000021935fa4520 DEOPT PACKING pc=0x0000021921e094f8 sp=0x00000089169feea0
Event: 296.397 Thread 0x0000021935fa4520 DEOPT UNPACKING pc=0x000002191a22e42f sp=0x00000089169fee68 mode 2
Event: 298.058 Thread 0x0000021935fa4520 DEOPT PACKING pc=0x000002191ac0865f sp=0x00000089169fe3f0
Event: 298.058 Thread 0x0000021935fa4520 DEOPT UNPACKING pc=0x000002191a22e23f sp=0x00000089169fd830 mode 0

Classes unloaded (0 events):
No events

Classes redefined (0 events):
No events

Internal exceptions (20 events):
Event: 0.108 Thread 0x0000021935db1370 Exception <a 'java/lang/NoSuchMethodError'{0x0000000710c0c258}: 'java.lang.Object java.lang.invoke.DirectMethodHandle$Holder.invokeStaticInit(java.lang.Object)'> (0x0000000710c0c258) 
thrown [./open/src/hotspot/share/interpreter/linkResolver.cpp, line 782]
Event: 0.110 Thread 0x0000021911fa05d0 Exception <a 'java/lang/NoSuchMethodError'{0x0000000710ff2010}: 'void java.lang.invoke.DirectMethodHandle$Holder.invokeSpecial(java.lang.Object, java.lang.Object, java.lang.Object)'> (0x0000000710ff2010) 
thrown [./open/src/hotspot/share/interpreter/linkResolver.cpp, line 782]
Event: 0.112 Thread 0x0000021935db1370 Exception <a 'java/lang/NoSuchMethodError'{0x0000000710c195d0}: 'void java.lang.invoke.DirectMethodHandle$Holder.invokeStatic(java.lang.Object, java.lang.Object)'> (0x0000000710c195d0) 
thrown [./open/src/hotspot/share/interpreter/linkResolver.cpp, line 782]
Event: 0.116 Thread 0x0000021911fa05d0 Exception <a 'java/lang/ClassNotFoundException'{0x0000000710c6f2b0}: sun/awt/resources/spi/awtProvider> (0x0000000710c6f2b0) 
thrown [./open/src/hotspot/share/classfile/systemDictionary.cpp, line 295]
Event: 0.131 Thread 0x0000021911fa05d0 Exception <a 'java/io/FileNotFoundException'{0x0000000710cc6568}> (0x0000000710cc6568) 
thrown [./open/src/hotspot/share/prims/jni.cpp, line 578]
Event: 0.137 Thread 0x0000021911fa05d0 Exception <a 'java/io/FileNotFoundException'{0x0000000710cf4fd0}> (0x0000000710cf4fd0) 
thrown [./open/src/hotspot/share/prims/jni.cpp, line 578]
Event: 0.205 Thread 0x0000021935fa4520 Exception <a 'java/lang/NoSuchMethodError'{0x0000000710a95268}: 'java.lang.Object java.lang.invoke.DirectMethodHandle$Holder.invokeSpecial(java.lang.Object, java.lang.Object, java.lang.Object, int, java.lang.Object)'> (0x0000000710a95268) 
thrown [./open/src/hotspot/share/interpreter/linkResolver.cpp, line 782]
Event: 0.234 Thread 0x0000021935fa4520 Exception <a 'java/lang/NoSuchMethodError'{0x0000000710815338}: 'java.lang.Object java.lang.invoke.DirectMethodHandle$Holder.invokeInterface(java.lang.Object, java.lang.Object)'> (0x0000000710815338) 
thrown [./open/src/hotspot/share/interpreter/linkResolver.cpp, line 782]
Event: 0.252 Thread 0x0000021935fa4520 Exception <a 'java/lang/NoSuchMethodError'{0x00000007108a6cd0}: 'void java.lang.invoke.DirectMethodHandle$Holder.invokeStatic(java.lang.Object, java.lang.Object, java.lang.Object)'> (0x00000007108a6cd0) 
thrown [./open/src/hotspot/share/interpreter/linkResolver.cpp, line 782]
Event: 0.254 Thread 0x0000021935fa4520 Exception <a 'java/lang/NoSuchMethodError'{0x00000007108b1a60}: 'java.lang.Object java.lang.invoke.DirectMethodHandle$Holder.invokeVirtual(java.lang.Object, java.lang.Object, java.lang.Object)'> (0x00000007108b1a60) 
thrown [./open/src/hotspot/share/interpreter/linkResolver.cpp, line 782]
Event: 0.354 Thread 0x0000021935fa4520 Exception <a 'java/lang/NoSuchMethodError'{0x0000000710543198}: 'void java.lang.invoke.DirectMethodHandle$Holder.invokeStaticInit(java.lang.Object, java.lang.Object)'> (0x0000000710543198) 
thrown [./open/src/hotspot/share/interpreter/linkResolver.cpp, line 782]
Event: 0.535 Thread 0x0000021935fa4520 Exception <a 'java/lang/NoSuchMethodError'{0x000000071005b0c8}: 'java.lang.Object java.lang.invoke.DirectMethodHandle$Holder.newInvokeSpecial(java.lang.Object, java.lang.Object, java.lang.Object, java.lang.Object, java.lang.Object)'> (0x000000071005b0c8) 
thrown [./open/src/hotspot/share/interpreter/linkResolver.cpp, line 782]
Event: 0.536 Thread 0x0000021935fa4520 Exception <a 'java/lang/NoSuchMethodError'{0x0000000710066b58}: 'java.lang.Object java.lang.invoke.DirectMethodHandle$Holder.invokeStatic(java.lang.Object, int, java.lang.Object, java.lang.Object, java.lang.Object, java.lang.Object)'> (0x0000000710066b58) 
thrown [./open/src/hotspot/share/interpreter/linkResolver.cpp, line 782]
Event: 0.539 Thread 0x0000021935fa4520 Exception <a 'java/lang/NoSuchMethodError'{0x000000071008d070}: 'java.lang.Object java.lang.invoke.DirectMethodHandle$Holder.invokeStatic(java.lang.Object, int, java.lang.Object)'> (0x000000071008d070) 
thrown [./open/src/hotspot/share/interpreter/linkResolver.cpp, line 782]
Event: 0.555 Thread 0x0000021935fa4520 Exception <a 'java/lang/ClassNotFoundException'{0x0000000710148e88}: com/sun/swing/internal/plaf/metal/resources/spi/metalProvider> (0x0000000710148e88) 
thrown [./open/src/hotspot/share/classfile/systemDictionary.cpp, line 295]
Event: 0.556 Thread 0x0000021935fa4520 Exception <a 'java/lang/ClassNotFoundException'{0x000000071014d288}: com/sun/swing/internal/plaf/basic/resources/spi/basicProvider> (0x000000071014d288) 
thrown [./open/src/hotspot/share/classfile/systemDictionary.cpp, line 295]
Event: 0.559 Thread 0x0000021935fa4520 Implicit null exception at 0x0000021921cfd3e0 to 0x0000021921cfdfa8
Event: 0.580 Thread 0x0000021935fa4520 Exception <a 'java/lang/NoSuchMethodError'{0x0000000710198b80}: 'void java.lang.invoke.DirectMethodHandle$Holder.invokeStaticInit(java.lang.Object)'> (0x0000000710198b80) 
thrown [./open/src/hotspot/share/interpreter/linkResolver.cpp, line 782]
Event: 1.010 Thread 0x00000219352de5a0 Exception <a 'java/lang/NoSuchMethodError'{0x000000070ff2da28}: 'java.lang.Object java.lang.invoke.DirectMethodHandle$Holder.invokeStaticInit(java.lang.Object, int)'> (0x000000070ff2da28) 
thrown [./open/src/hotspot/share/interpreter/linkResolver.cpp, line 782]
Event: 281.411 Thread 0x0000021935fa4520 Implicit null exception at 0x0000021921dbd1d4 to 0x0000021921dbd9fc

Events (20 events):
Event: 271.018 loading class jdk/internal/reflect/SerializationConstructorAccessorImpl done
Event: 271.019 loading class java/io/ObjectInputStream
Event: 271.019 loading class java/io/ObjectInput
Event: 271.019 loading class java/io/ObjectInput done
Event: 271.019 loading class java/io/ObjectInputStream done
Event: 271.019 loading class java/lang/CloneNotSupportedException
Event: 271.019 loading class java/lang/CloneNotSupportedException done
Event: 271.019 loading class java/io/ObjectStreamClass$FieldReflectorKey
Event: 271.019 loading class java/io/ObjectStreamClass$FieldReflectorKey done
Event: 271.019 loading class java/io/ObjectStreamClass$FieldReflector
Event: 271.019 loading class java/io/ObjectStreamClass$FieldReflector done
Event: 271.230 Thread 0x000002193bbc8ad0 Thread exited: 0x000002193bbc8ad0
Event: 271.430 Executing VM operation: HandshakeAllThreads
Event: 271.430 Executing VM operation: HandshakeAllThreads done
Event: 271.888 loading class java/io/StringReader
Event: 271.888 loading class java/io/StringReader done
Event: 297.440 Executing VM operation: HandshakeAllThreads
Event: 297.441 Executing VM operation: HandshakeAllThreads done
Event: 312.447 Executing VM operation: HandshakeAllThreads
Event: 312.447 Executing VM operation: HandshakeAllThreads done


Dynamic libraries:
0x00007ff662780000 - 0x00007ff66278f000 	C:\Program Files\Java\jdk-15.0.1\bin\java.exe
0x00007ff9586d0000 - 0x00007ff9588c5000 	C:\Windows\SYSTEM32\ntdll.dll
0x00007ff956b90000 - 0x00007ff956c4d000 	C:\Windows\System32\KERNEL32.DLL
0x00007ff956170000 - 0x00007ff956438000 	C:\Windows\System32\KERNELBASE.dll
0x00007ff955f40000 - 0x00007ff956040000 	C:\Windows\System32\ucrtbase.dll
0x00007ff951200000 - 0x00007ff951219000 	C:\Program Files\Java\jdk-15.0.1\bin\VCRUNTIME140.dll
0x00007ff9511e0000 - 0x00007ff9511f8000 	C:\Program Files\Java\jdk-15.0.1\bin\jli.dll
0x00007ff957fb0000 - 0x00007ff95805c000 	C:\Windows\System32\ADVAPI32.dll
0x00007ff957ce0000 - 0x00007ff957d7e000 	C:\Windows\System32\msvcrt.dll
0x00007ff957d80000 - 0x00007ff957e1b000 	C:\Windows\System32\sechost.dll
0x00007ff956cd0000 - 0x00007ff956dfb000 	C:\Windows\System32\RPCRT4.dll
0x00007ff9584e0000 - 0x00007ff958680000 	C:\Windows\System32\USER32.dll
0x00007ff955eb0000 - 0x00007ff955ed2000 	C:\Windows\System32\win32u.dll
0x00007ff956740000 - 0x00007ff95676a000 	C:\Windows\System32\GDI32.dll
0x00007ff9564d0000 - 0x00007ff9565db000 	C:\Windows\System32\gdi32full.dll
0x00007ff948680000 - 0x00007ff94891a000 	C:\Windows\WinSxS\amd64_microsoft.windows.common-controls_6595b64144ccf1df_6.0.19041.1052_none_60b8f8fd71f5e8cb\COMCTL32.dll
0x00007ff955e10000 - 0x00007ff955ead000 	C:\Windows\System32\msvcp_win.dll
0x00007ff951310000 - 0x00007ff95131a000 	C:\Windows\SYSTEM32\VERSION.dll
0x00007ff956980000 - 0x00007ff9569b0000 	C:\Windows\System32\IMM32.DLL
0x00007ff9511d0000 - 0x00007ff9511dc000 	C:\Program Files\Java\jdk-15.0.1\bin\vcruntime140_1.dll
0x00007ff932c30000 - 0x00007ff932cc1000 	C:\Program Files\Java\jdk-15.0.1\bin\msvcp140.dll
0x00007ff911b10000 - 0x00007ff91266e000 	C:\Program Files\Java\jdk-15.0.1\bin\server\jvm.dll
0x00007ff958680000 - 0x00007ff958688000 	C:\Windows\System32\PSAPI.DLL
0x00007ff9482c0000 - 0x00007ff9482e7000 	C:\Windows\SYSTEM32\WINMM.dll
0x00007ff945200000 - 0x00007ff945209000 	C:\Windows\SYSTEM32\WSOCK32.dll
0x00007ff956c60000 - 0x00007ff956ccb000 	C:\Windows\System32\WS2_32.dll
0x00007ff954700000 - 0x00007ff954712000 	C:\Windows\SYSTEM32\kernel.appcore.dll
0x00007ff9511c0000 - 0x00007ff9511ca000 	C:\Program Files\Java\jdk-15.0.1\bin\jimage.dll
0x00007ff953930000 - 0x00007ff953b14000 	C:\Windows\SYSTEM32\DBGHELP.DLL
0x00007ff94fb40000 - 0x00007ff94fb6c000 	C:\Windows\SYSTEM32\dbgcore.DLL
0x00007ff956440000 - 0x00007ff9564c3000 	C:\Windows\System32\bcryptPrimitives.dll
0x00007ff951170000 - 0x00007ff95117e000 	C:\Program Files\Java\jdk-15.0.1\bin\instrument.dll
0x00007ff951140000 - 0x00007ff951165000 	C:\Program Files\Java\jdk-15.0.1\bin\java.dll
0x00007ff9574d0000 - 0x00007ff957c0f000 	C:\Windows\System32\SHELL32.dll
0x00007ff953f60000 - 0x00007ff9546f0000 	C:\Windows\SYSTEM32\windows.storage.dll
0x00007ff958060000 - 0x00007ff9583b5000 	C:\Windows\System32\combase.dll
0x00007ff955880000 - 0x00007ff9558ac000 	C:\Windows\SYSTEM32\Wldp.dll
0x00007ff957f00000 - 0x00007ff957fae000 	C:\Windows\System32\SHCORE.dll
0x00007ff956920000 - 0x00007ff956975000 	C:\Windows\System32\shlwapi.dll
0x00007ff955d50000 - 0x00007ff955d6f000 	C:\Windows\SYSTEM32\profapi.dll
0x00007ff94fd20000 - 0x00007ff94fd38000 	C:\Program Files\Java\jdk-15.0.1\bin\zip.dll
0x00007ff951120000 - 0x00007ff951139000 	C:\Program Files\Java\jdk-15.0.1\bin\net.dll
0x00007ff94feb0000 - 0x00007ff94ffbb000 	C:\Windows\SYSTEM32\WINHTTP.dll
0x00007ff9555f0000 - 0x00007ff95565a000 	C:\Windows\system32\mswsock.dll
0x00007ff94fd40000 - 0x00007ff94fd52000 	C:\Program Files\Java\jdk-15.0.1\bin\nio.dll
0x00007ff945a30000 - 0x00007ff945a4a000 	C:\Program Files\JetBrains\IntelliJ IDEA 2020.2.3\bin\breakgen64.dll
0x00007ff932ab0000 - 0x00007ff932c30000 	C:\Program Files\Java\jdk-15.0.1\bin\awt.dll
0x00007ff957c10000 - 0x00007ff957cdd000 	C:\Windows\System32\OLEAUT32.dll
0x00007ff952900000 - 0x00007ff952990000 	C:\Windows\SYSTEM32\apphelp.dll
0x00007ff952a40000 - 0x00007ff952ade000 	C:\Windows\system32\uxtheme.dll
0x00007ff9583c0000 - 0x00007ff9584d5000 	C:\Windows\System32\MSCTF.dll
0x0000000180000000 - 0x00000001803cc000 	C:\Program Files (x86)\RivaTuner Statistics Server\RTSSHooks64.dll
0x00007ff957060000 - 0x00007ff9574c9000 	C:\Windows\System32\SETUPAPI.dll
0x00007ff956120000 - 0x00007ff95616e000 	C:\Windows\System32\cfgmgr32.dll
0x00007ff956040000 - 0x00007ff956067000 	C:\Windows\System32\bcrypt.dll
0x00007ff956e00000 - 0x00007ff956f2a000 	C:\Windows\System32\ole32.dll
0x00007ff9552d0000 - 0x00007ff95539c000 	C:\Windows\SYSTEM32\DNSAPI.dll
0x00007ff955290000 - 0x00007ff9552cb000 	C:\Windows\SYSTEM32\IPHLPAPI.DLL
0x00007ff956c50000 - 0x00007ff956c58000 	C:\Windows\System32\NSI.dll
0x00007ff94fae0000 - 0x00007ff94faea000 	C:\Windows\System32\rasadhlp.dll
0x00007ff94c750000 - 0x00007ff94c7cf000 	C:\Windows\System32\fwpuclnt.dll
0x00007ff945940000 - 0x00007ff94594d000 	C:\Program Files\Java\jdk-15.0.1\bin\sunmscapi.dll
0x00007ff9565e0000 - 0x00007ff95673f000 	C:\Windows\System32\CRYPT32.dll
0x00007ff9558f0000 - 0x00007ff955917000 	C:\Windows\SYSTEM32\ncrypt.dll
0x00007ff9558b0000 - 0x00007ff9558eb000 	C:\Windows\SYSTEM32\NTASN1.dll
0x00007ff952ca0000 - 0x00007ff952ccf000 	C:\Windows\system32\DWMAPI.DLL
0x00007ff935150000 - 0x00007ff935276000 	C:\Windows\system32\opengl32.dll
0x00007ff94a900000 - 0x00007ff94a92c000 	C:\Windows\SYSTEM32\GLU32.dll
0x00007ff94c0a0000 - 0x00007ff94c26e000 	C:\Windows\system32\d3d9.dll
0x00007ff948b50000 - 0x00007ff948c55000 	C:\Windows\System32\DriverStore\FileRepository\nv_dispi.inf_amd64_b2801df14ec7de03\nvldumdx.dll
0x00007ff955a00000 - 0x00007ff955a12000 	C:\Windows\SYSTEM32\msasn1.dll
0x00007ff94fe20000 - 0x00007ff94fe51000 	C:\Windows\SYSTEM32\cryptnet.dll
0x00007ff9557c0000 - 0x00007ff9557cc000 	C:\Windows\SYSTEM32\cryptbase.dll
0x00007ff955ee0000 - 0x00007ff955f40000 	C:\Windows\System32\WINTRUST.DLL
0x00007ff956f90000 - 0x00007ff956fad000 	C:\Windows\System32\imagehlp.dll
0x00007ff9557d0000 - 0x00007ff9557e8000 	C:\Windows\SYSTEM32\CRYPTSP.dll
0x00007ff954f20000 - 0x00007ff954f54000 	C:\Windows\system32\rsaenh.dll
0x00007ff90bb30000 - 0x00007ff90d2e8000 	C:\Windows\System32\DriverStore\FileRepository\nv_dispi.inf_amd64_b2801df14ec7de03\nvd3dumx.dll
0x00007ff925250000 - 0x00007ff92550e000 	C:\Windows\system32\nvspcap64.dll
0x00007ff954b50000 - 0x00007ff954b83000 	C:\Windows\SYSTEM32\ntmarta.dll
0x00007ff954720000 - 0x00007ff954743000 	C:\Windows\SYSTEM32\gpapi.dll
0x00007ff948c80000 - 0x00007ff948cbb000 	C:\Windows\SYSTEM32\dxcore.dll
0x00007ff932a20000 - 0x00007ff932aa5000 	C:\Program Files\Java\jdk-15.0.1\bin\freetype.dll
0x00007ff911a60000 - 0x00007ff911b09000 	C:\Program Files\Java\jdk-15.0.1\bin\fontmanager.dll
0x00007ff943f30000 - 0x00007ff944029000 	C:\Windows\SYSTEM32\textinputframework.dll
0x00007ff951ff0000 - 0x00007ff95234e000 	C:\Windows\System32\CoreUIComponents.dll
0x00007ff9526d0000 - 0x00007ff9527c2000 	C:\Windows\System32\CoreMessaging.dll
0x00007ff951840000 - 0x00007ff951994000 	C:\Windows\SYSTEM32\wintypes.dll
0x00007ff956fb0000 - 0x00007ff957059000 	C:\Windows\System32\clbcatq.dll
0x00007ff949f90000 - 0x00007ff94a144000 	C:\Windows\SYSTEM32\WindowsCodecs.dll
0x00007ff924b70000 - 0x00007ff924bae000 	C:\Windows\system32\dataexchange.dll
0x00007ff951e00000 - 0x00007ff951fe6000 	C:\Windows\system32\dcomp.dll
0x00007ff953b30000 - 0x00007ff953d94000 	C:\Windows\system32\d3d11.dll
0x00007ff954750000 - 0x00007ff954844000 	C:\Windows\system32\dxgi.dll
0x00007ff94a150000 - 0x00007ff94a351000 	C:\Windows\system32\twinapi.appcore.dll

dbghelp: loaded successfully - version: 4.0.5 - missing functions: none
symbol engine: initialized successfully - sym options: 0x614 - pdb path: .;C:\Program Files\Java\jdk-15.0.1\bin;C:\Windows\SYSTEM32;C:\Windows\WinSxS\amd64_microsoft.windows.common-controls_6595b64144ccf1df_6.0.19041.1052_none_60b8f8fd71f5e8cb;C:\Program Files\Java\jdk-15.0.1\bin\server;C:\Program Files\JetBrains\IntelliJ IDEA 2020.2.3\bin;C:\Program Files (x86)\RivaTuner Statistics Server;C:\Windows\System32\DriverStore\FileRepository\nv_dispi.inf_amd64_b2801df14ec7de03

VM Arguments:
jvm_args: -javaagent:C:\Program Files\JetBrains\IntelliJ IDEA 2020.2.3\lib\idea_rt.jar=57334:C:\Program Files\JetBrains\IntelliJ IDEA 2020.2.3\bin -Dfile.encoding=UTF-8 
java_command: veterinary.management.MainPage
java_class_path (initial): C:\Users\tolga\Desktop\Veterinary Management\out\production\Veterinary Management;D:\Java\mysql-connector-java-8.0.23\mysql-connector-java-8.0.23.jar
Launcher Type: SUN_STANDARD

[Global flags]
     intx CICompilerCount                          = 3                                         {product} {ergonomic}
     uint ConcGCThreads                            = 2                                         {product} {ergonomic}
     uint G1ConcRefinementThreads                  = 6                                         {product} {ergonomic}
   size_t G1HeapRegionSize                         = 2097152                                   {product} {ergonomic}
    uintx GCDrainStackTargetSize                   = 64                                        {product} {ergonomic}
   size_t InitialHeapSize                          = 268435456                                 {product} {ergonomic}
   size_t MarkStackSize                            = 4194304                                   {product} {ergonomic}
   size_t MaxHeapSize                              = 4278190080                                {product} {ergonomic}
   size_t MaxNewSize                               = 2566914048                                {product} {ergonomic}
   size_t MinHeapDeltaBytes                        = 2097152                                   {product} {ergonomic}
   size_t MinHeapSize                              = 8388608                                   {product} {ergonomic}
    uintx NonNMethodCodeHeapSize                   = 5832780                                {pd product} {ergonomic}
    uintx NonProfiledCodeHeapSize                  = 122912730                              {pd product} {ergonomic}
    uintx ProfiledCodeHeapSize                     = 122912730                              {pd product} {ergonomic}
    uintx ReservedCodeCacheSize                    = 251658240                              {pd product} {ergonomic}
     bool SegmentedCodeCache                       = true                                      {product} {ergonomic}
   size_t SoftMaxHeapSize                          = 4278190080                             {manageable} {ergonomic}
     bool UseCompressedClassPointers               = true                                 {lp64_product} {ergonomic}
     bool UseCompressedOops                        = true                                 {lp64_product} {ergonomic}
     bool UseG1GC                                  = true                                      {product} {ergonomic}
     bool UseLargePagesIndividualAllocation        = false                                  {pd product} {ergonomic}

Logging:
Log output configuration:
 #0: stdout all=warning uptime,level,tags
 #1: stderr all=off uptime,level,tags

Environment Variables:
JAVA_HOME=C:\Program Files\Java\jdk-15.0.1
PATH=C:\Program Files (x86)\Common Files\Intel\Shared Libraries\redist\intel64\compiler;C:\Program Files (x86)\Common Files\Oracle\Java\javapath;C:\Program Files\Common Files\Oracle\Java\javapath;C:\Windows\system32;C:\Windows;C:\Windows\System32\Wbem;C:\Windows\System32\WindowsPowerShell\v1.0\;C:\Windows\System32\OpenSSH\;C:\Program Files\NVIDIA Corporation\NVIDIA NvDLISR;C:\Program Files (x86)\NVIDIA Corporation\PhysX\Common;C:\Program Files\Git\cmd;C:\Program Files\Java\jdk-15.0.1\bin;C:\Program Files\apache-maven-3.6.3\bin;C:\Users\tolga\AppData\Local\Programs\Python\Python39\Scripts\;C:\Users\tolga\AppData\Local\Programs\Python\Python39\;C:\Users\tolga\AppData\Local\Microsoft\WindowsApps;;C:\Program Files\JetBrains\IntelliJ IDEA 2020.2.3\bin;;C:\Users\tolga\AppData\Local\Programs\Microsoft VS Code\bin
USERNAME=tolga
OS=Windows_NT
PROCESSOR_IDENTIFIER=Intel64 Family 6 Model 158 Stepping 13, GenuineIntel



---------------  S Y S T E M  ---------------

OS:
 Windows 10 , 64 bit Build 19041 (10.0.19041.1023)
OS uptime: 0 days 6:19 hours

CPU: total 6 (initial active 6) (6 cores per cpu, 1 threads per core) family 6 model 158 stepping 13 microcode 0xde, cmov, cx8, fxsr, mmx, sse, sse2, sse3, ssse3, sse4.1, sse4.2, popcnt, vzeroupper, avx, avx2, aes, clmul, erms, 3dnowpref, lzcnt, tsc, tscinvbit, bmi1, bmi2, adx, fma, clflush, clflushopt

Memory: 4k page, system-wide physical 16319M (7718M free)
TotalPageFile size 65471M (AvailPageFile size 3M)
current process WorkingSet (physical memory assigned to process): 133M, peak: 141M
current process commit charge ("private bytes"): 409M, peak: 421M

vm_info: Java HotSpot(TM) 64-Bit Server VM (15.0.1+9-18) for windows-amd64 JRE (15.0.1+9-18), built on Sep 15 2020 14:43:54 by "mach5one" with unknown MS VC++:1925

END.
